<?xml version="1.0" encoding="UTF-8"?>
<!-- Generated by org.testng.reporters.JUnitReportReporter -->
<testsuite hostname="SCHEMATRIX" failures="0" tests="5" name="com.telus.testcase.RegisterUserDemo" time="16.128" errors="0" timestamp="2022-09-09T05:20:54 IST" skipped="0">
  <testcase classname="com.telus.testcase.RegisterUserDemo" name="launchApplication" time="6.858"/>
  <system-out/>
  <testcase classname="com.telus.testcase.RegisterUserDemo" name="navigateToRegistrationForm" time="3.039"/>
  <system-out/>
  <testcase classname="com.telus.testcase.RegisterUserDemo" name="registerForDemo" time="3.716"/>
  <system-out/>
  <testcase classname="com.telus.testcase.RegisterUserDemo" name="validateSuccessfullMsg" time="0.068"/>
  <system-out/>
  <testcase classname="com.telus.testcase.RegisterUserDemo" name="closeApplication" time="2.447"/>
  <system-out/>
</testsuite> <!-- com.telus.testcase.RegisterUserDemo -->
