<?xml version="1.0" encoding="UTF-8"?>
<!-- Generated by org.testng.reporters.JUnitReportReporter -->
<testsuite hostname="SCHEMATRIX" failures="0" tests="5" name="com.telus.testcase.RegisterUserDemo" time="13.659" errors="0" timestamp="2022-09-01T00:59:27 IST" skipped="0">
  <testcase classname="com.telus.testcase.RegisterUserDemo" name="launchApplication" time="5.873"/>
  <system-out/>
  <testcase classname="com.telus.testcase.RegisterUserDemo" name="navigateToRegistrationForm" time="1.731"/>
  <system-out/>
  <testcase classname="com.telus.testcase.RegisterUserDemo" name="registerForDemo" time="3.549"/>
  <system-out/>
  <testcase classname="com.telus.testcase.RegisterUserDemo" name="validateSuccessfullMsg" time="0.072"/>
  <system-out/>
  <testcase classname="com.telus.testcase.RegisterUserDemo" name="closeApplication" time="2.434"/>
  <system-out/>
</testsuite> <!-- com.telus.testcase.RegisterUserDemo -->
